Running in Lattice mode


Starting:    C:\lscc\iCEcube2.2020.12\synpbase\bin64\mbin\synbatch.exe
Install:     C:\lscc\iCEcube2.2020.12\synpbase
Hostname:    DESKTOP-OS45TF5
Date:        Wed May 28 11:17:30 2025
Version:     L-2016.09L+ice40

Arguments:   -product synplify_pro -batch perplexEdgeCounter_syn.prj
ProductType: synplify_pro





log file: "C:\lscc\iCEcube2.2020.12\Projects\perplex_icestick_edge_counter\perplexEdgeCounter\perplexEdgeCounter_Implmnt\perplexEdgeCounter.srr"
Running: perplexEdgeCounter_Implmnt in foreground

Running perplexEdgeCounter_syn|perplexEdgeCounter_Implmnt

Running: compile (Compile) on perplexEdgeCounter_syn|perplexEdgeCounter_Implmnt
# Wed May 28 11:17:30 2025

Running: compile_flow (Compile Process) on perplexEdgeCounter_syn|perplexEdgeCounter_Implmnt
# Wed May 28 11:17:30 2025

Running: compiler (Compile Input) on perplexEdgeCounter_syn|perplexEdgeCounter_Implmnt
# Wed May 28 11:17:30 2025
Copied C:\lscc\iCEcube2.2020.12\Projects\perplex_icestick_edge_counter\perplexEdgeCounter\perplexEdgeCounter_Implmnt\synwork\perplexEdgeCounter_comp.srs to C:\lscc\iCEcube2.2020.12\Projects\perplex_icestick_edge_counter\perplexEdgeCounter\perplexEdgeCounter_Implmnt\perplexEdgeCounter.srs

compiler completed
# Wed May 28 11:17:31 2025

Return Code: 0
Run Time:00h:00m:01s

Running: multi_srs_gen (Multi-srs Generator) on perplexEdgeCounter_syn|perplexEdgeCounter_Implmnt
# Wed May 28 11:17:31 2025

multi_srs_gen completed
# Wed May 28 11:17:32 2025

Return Code: 0
Run Time:00h:00m:01s
Copied C:\lscc\iCEcube2.2020.12\Projects\perplex_icestick_edge_counter\perplexEdgeCounter\perplexEdgeCounter_Implmnt\synwork\perplexEdgeCounter_mult.srs to C:\lscc\iCEcube2.2020.12\Projects\perplex_icestick_edge_counter\perplexEdgeCounter\perplexEdgeCounter_Implmnt\perplexEdgeCounter.srs
Complete: Compile Process on perplexEdgeCounter_syn|perplexEdgeCounter_Implmnt

Running: premap (Pre-mapping) on perplexEdgeCounter_syn|perplexEdgeCounter_Implmnt
# Wed May 28 11:17:32 2025

premap completed with warnings
# Wed May 28 11:17:32 2025

Return Code: 1
Run Time:00h:00m:00s
Complete: Compile on perplexEdgeCounter_syn|perplexEdgeCounter_Implmnt

Running: map (Map) on perplexEdgeCounter_syn|perplexEdgeCounter_Implmnt
# Wed May 28 11:17:32 2025
License granted for 4 parallel jobs

Running: fpga_mapper (Map & Optimize) on perplexEdgeCounter_syn|perplexEdgeCounter_Implmnt
# Wed May 28 11:17:32 2025
Copied C:\lscc\iCEcube2.2020.12\Projects\perplex_icestick_edge_counter\perplexEdgeCounter\perplexEdgeCounter_Implmnt\synwork\perplexEdgeCounter_m.srm to C:\lscc\iCEcube2.2020.12\Projects\perplex_icestick_edge_counter\perplexEdgeCounter\perplexEdgeCounter_Implmnt\perplexEdgeCounter.srm

fpga_mapper completed with warnings
# Wed May 28 11:17:33 2025

Return Code: 1
Run Time:00h:00m:01s
Complete: Map on perplexEdgeCounter_syn|perplexEdgeCounter_Implmnt
Complete: Logic Synthesis on perplexEdgeCounter_syn|perplexEdgeCounter_Implmnt

exit status=0

exit status=0

